{"level":"info","message":{"duration":"32ms","method":"GET","requestBody":{},"responseBody":{},"statusCode":200,"url":"/api/admin/product/list"}}
{"level":"info","message":{"duration":"23ms","method":"GET","requestBody":{},"responseBody":{},"statusCode":200,"url":"/api/admin/product/list"}}
{"level":"info","message":{"duration":"35ms","method":"GET","requestBody":{},"responseBody":{},"statusCode":200,"url":"/api/admin/product/list?page=1&limit=2"}}
{"level":"info","message":{"duration":"24ms","method":"GET","requestBody":{},"responseBody":{},"statusCode":200,"url":"/api/admin/product/list?page=1&limit=2"}}
{"level":"info","message":{"duration":"31ms","method":"GET","requestBody":{},"responseBody":{},"statusCode":200,"url":"/api/admin/product/list"}}
{"level":"info","message":{"duration":"21ms","method":"GET","requestBody":{},"responseBody":{},"statusCode":200,"url":"/api/admin/product/list?search=table"}}
{"level":"info","message":{"duration":"24ms","method":"GET","requestBody":{},"responseBody":{},"statusCode":200,"url":"/api/admin/product/list"}}
{"level":"info","message":{"duration":"24ms","method":"GET","requestBody":{},"responseBody":{},"statusCode":200,"url":"/api/admin/product/list"}}
{"level":"info","message":{"duration":"16ms","method":"GET","requestBody":{},"responseBody":{},"statusCode":200,"url":"/api/admin/product/list?search=laptop-dell"}}
{"level":"info","message":{"duration":"48ms","method":"GET","requestBody":{},"responseBody":{},"statusCode":200,"url":"/api/admin/product/list?search=l"}}
{"level":"info","message":{"duration":"7ms","method":"GET","requestBody":{},"responseBody":{},"statusCode":200,"url":"/api/admin/product/list?search=lapto"}}
{"level":"info","message":{"duration":"32ms","method":"GET","requestBody":{},"responseBody":{},"statusCode":200,"url":"/api/admin/product/list"}}
{"level":"info","message":{"duration":"23ms","method":"GET","requestBody":{},"responseBody":{},"statusCode":200,"url":"/api/admin/product/list"}}
{"level":"info","message":{"duration":"13ms","method":"GET","requestBody":{},"responseBody":{},"statusCode":200,"url":"/api/admin/product/list"}}
{"level":"info","message":{"duration":"57ms","method":"GET","requestBody":{},"responseBody":{},"statusCode":200,"url":"/api/admin/product/list?currentPage=1&pageSize=2"}}
{"level":"info","message":{"duration":"20ms","method":"GET","requestBody":{},"responseBody":{},"statusCode":200,"url":"/api/admin/product/list?currentPage=2&pageSize=2"}}
{"level":"info","message":{"duration":"27ms","method":"GET","requestBody":{},"responseBody":{},"statusCode":200,"url":"/api/admin/product/list"}}
{"level":"info","message":{"duration":"46ms","method":"GET","requestBody":{},"responseBody":{},"statusCode":200,"url":"/api/admin/product/list"}}
{"level":"info","message":{"duration":"36ms","method":"GET","requestBody":{},"responseBody":{},"statusCode":200,"url":"/api/admin/product/search/list"}}
{"level":"info","message":{"duration":"29ms","method":"GET","requestBody":{},"responseBody":{},"statusCode":200,"url":"/api/admin/product/search/list"}}
{"level":"info","message":{"duration":"42ms","method":"GET","requestBody":{},"responseBody":{},"statusCode":200,"url":"/api/admin/product/search/list"}}
{"level":"info","message":{"duration":"72ms","method":"GET","requestBody":{},"responseBody":{},"statusCode":200,"url":"/api/admin/product/list?search=laptop"}}
{"level":"info","message":{"duration":"20ms","method":"GET","requestBody":{},"responseBody":{},"statusCode":200,"url":"/api/admin/product/search/list?search=tablet%20S20"}}
{"level":"info","message":{"duration":"7ms","method":"GET","requestBody":{},"responseBody":{},"statusCode":200,"url":"/api/admin/product/search/list?search=tablet%20S20"}}
{"level":"info","message":{"duration":"8ms","method":"GET","requestBody":{},"responseBody":{},"statusCode":200,"url":"/api/admin/product/search/list?search=tablet"}}
{"level":"info","message":{"duration":"22ms","method":"GET","requestBody":{},"responseBody":{},"statusCode":200,"url":"/api/admin/product/search/list?search=laptop"}}
{"level":"info","message":{"duration":"12ms","method":"GET","requestBody":{},"responseBody":{},"statusCode":200,"url":"/api/admin/product/search/list?search=laptop-dell"}}
{"level":"info","message":{"duration":"10ms","method":"GET","requestBody":{},"responseBody":{},"statusCode":200,"url":"/api/admin/product/search/list?search=laptop"}}
{"level":"info","message":{"duration":"20ms","method":"GET","requestBody":{},"responseBody":{},"statusCode":200,"url":"/api/admin/product/search/list?search=laptop"}}
{"level":"info","message":{"duration":"26ms","method":"GET","requestBody":{},"responseBody":{},"statusCode":200,"url":"/api/admin/product/search/list?search=table"}}
{"level":"info","message":{"duration":"25ms","method":"GET","requestBody":{},"responseBody":{},"statusCode":200,"url":"/api/admin/product/search/list?search=table"}}
{"level":"info","message":{"duration":"48ms","method":"GET","requestBody":{},"responseBody":{},"statusCode":200,"url":"/api/admin/product/search/list?search=table"}}
{"level":"info","message":{"duration":"25ms","method":"GET","requestBody":{},"responseBody":{},"statusCode":200,"url":"/api/admin/product/search/list?search=table"}}
{"level":"info","message":{"duration":"25ms","method":"GET","requestBody":{},"responseBody":{},"statusCode":200,"url":"/api/admin/product/search/list?search=table"}}
{"level":"info","message":{"duration":"12ms","method":"GET","requestBody":{},"responseBody":{},"statusCode":200,"url":"/api/admin/product/search/list?search=table"}}
{"level":"info","message":{"duration":"5ms","method":"GET","requestBody":{},"responseBody":{},"statusCode":200,"url":"/api/admin/product/search/list?search=t"}}
{"level":"info","message":{"duration":"7ms","method":"GET","requestBody":{},"responseBody":{},"statusCode":200,"url":"/api/admin/product/search/list?search=laptop"}}
{"level":"info","message":{"duration":"26ms","method":"GET","requestBody":{},"responseBody":{},"statusCode":200,"url":"/api/admin/product/search/list?search=laptop"}}
{"level":"info","message":{"duration":"21ms","method":"GET","requestBody":{},"responseBody":{},"statusCode":200,"url":"/api/admin/product/search/list?search=laptop"}}
{"level":"info","message":{"duration":"29ms","method":"GET","requestBody":{},"responseBody":{},"statusCode":200,"url":"/api/admin/product/search/list?search=laptop"}}
{"level":"info","message":{"duration":"15ms","method":"GET","requestBody":{},"responseBody":{},"statusCode":200,"url":"/api/admin/product/search/list?search=laptop"}}
{"level":"info","message":{"duration":"23ms","method":"GET","requestBody":{},"responseBody":{},"statusCode":200,"url":"/api/admin/product/search/list?search=laptop"}}
{"level":"info","message":{"duration":"27ms","method":"GET","requestBody":{},"responseBody":{},"statusCode":200,"url":"/api/admin/product/search/list?search=laptop"}}
{"level":"info","message":{"duration":"16ms","method":"GET","requestBody":{},"responseBody":{},"statusCode":200,"url":"/api/admin/product/search/list?search=laptop"}}
{"level":"info","message":{"duration":"16ms","method":"GET","requestBody":{},"responseBody":{},"statusCode":200,"url":"/api/admin/product/search/list?search=laptop"}}
{"level":"info","message":{"duration":"16ms","method":"GET","requestBody":{},"responseBody":{},"statusCode":200,"url":"/api/admin/product/search/list?search=laptop"}}
{"level":"info","message":{"duration":"25ms","method":"GET","requestBody":{},"responseBody":{},"statusCode":200,"url":"/api/admin/product/search/list?search=laptop"}}
{"level":"info","message":{"duration":"16ms","method":"GET","requestBody":{},"responseBody":{},"statusCode":200,"url":"/api/admin/product/search/list?search=laptop"}}
{"level":"info","message":{"duration":"27ms","method":"GET","requestBody":{},"responseBody":{},"statusCode":200,"url":"/api/admin/product/search/list?search=laptop"}}
{"level":"info","message":{"duration":"16ms","method":"GET","requestBody":{},"responseBody":{},"statusCode":200,"url":"/api/admin/product/search/list?search=laptop"}}
{"level":"info","message":{"duration":"17ms","method":"GET","requestBody":{},"responseBody":{},"statusCode":200,"url":"/api/admin/product/search/list?search=laptop"}}
{"level":"info","message":{"duration":"13ms","method":"GET","requestBody":{},"responseBody":{},"statusCode":200,"url":"/api/admin/product/search/list?search=laptop"}}
{"level":"info","message":{"duration":"27ms","method":"GET","requestBody":{},"responseBody":{},"statusCode":200,"url":"/api/admin/product/search/list?search=laptop"}}
{"level":"info","message":{"duration":"15ms","method":"GET","requestBody":{},"responseBody":{},"statusCode":200,"url":"/api/admin/product/search/list?search=laptop"}}
{"level":"info","message":{"duration":"47ms","method":"GET","requestBody":{},"responseBody":{},"statusCode":200,"url":"/api/admin/product/search/list?search=laptop"}}
{"level":"info","message":{"duration":"26ms","method":"GET","requestBody":{},"responseBody":{},"statusCode":200,"url":"/api/admin/product/search/list?search=laptop"}}
{"level":"info","message":{"duration":"31ms","method":"GET","requestBody":{},"responseBody":{},"statusCode":200,"url":"/api/admin/product/search/list?search=laptop"}}
{"level":"info","message":{"duration":"51ms","method":"GET","requestBody":{},"responseBody":{},"statusCode":200,"url":"/api/admin/product/search/list?search=laptop"}}
{"level":"info","message":{"duration":"13ms","method":"GET","requestBody":{},"responseBody":{},"statusCode":200,"url":"/api/admin/product/search/list?search=laptop"}}
{"level":"info","message":{"duration":"15ms","method":"GET","requestBody":{},"responseBody":{},"statusCode":200,"url":"/api/admin/product/list?search=laptop"}}
{"level":"info","message":{"duration":"12ms","method":"GET","requestBody":{},"responseBody":{},"statusCode":200,"url":"/api/admin/product/list?search=laptop"}}
{"level":"info","message":{"duration":"10ms","method":"GET","requestBody":{},"responseBody":{},"statusCode":200,"url":"/api/admin/product/list?search=laptop"}}
{"level":"info","message":{"duration":"12ms","method":"GET","requestBody":{},"responseBody":{},"statusCode":200,"url":"/api/admin/product/list?search=laptop"}}
{"level":"info","message":{"duration":"7ms","method":"GET","requestBody":{},"responseBody":{},"statusCode":200,"url":"/api/admin/product/list?search=laptop"}}
